stdio    D         file_stdio.c:110  file_stdio_fopen                 [   0.00000] opening D:\Downloads\I2P1_Final_project-master\Final\allegro5.cfg r
system   D            wsystem.c:874  _al_win_safe_load_library        [   0.00000] PathFindOnPath found: C:\WINDOWS\system32\shcore.dll
system   D            wsystem.c:780  load_library_at_path             [   0.00000] Calling LoadLibrary C:\WINDOWS\system32\shcore.dll
system   I            wsystem.c:783  load_library_at_path             [   0.00000] Loaded C:\WINDOWS\system32\shcore.dll
system   I             system.c:271  al_install_system                [   0.00000] Allegro version: 5.2.7
audio-dsound I           dsound.cpp:271  _dsound_open                     [   0.00046] Starting DirectSound...
audio-dsound D           dsound.cpp:280  _dsound_open                     [   0.07087] DirectSoundCreate8 succeeded
audio-dsound I           dsound.cpp:73   get_window                       [   0.07096] Using desktop window: 0000000000010010
audio    I              audio.c:347  do_install_audio                 [   0.07113] Using DirectSound driver
system   D            wsystem.c:874  _al_win_safe_load_library        [   0.07147] PathFindOnPath found: C:\WINDOWS\system32\d3d9.dll
system   D            wsystem.c:780  load_library_at_path             [   0.07152] Calling LoadLibrary C:\WINDOWS\system32\d3d9.dll
system   I            wsystem.c:783  load_library_at_path             [   0.07317] Loaded C:\WINDOWS\system32\d3d9.dll
d3d      I         d3d_disp.cpp:684  d3d_init_display                 [   0.09066] Render-to-texture: 1
d3d      I         d3d_disp.cpp:1782 d3d_create_display_locked        [   0.09143] faux_fullscreen=0
d3d      D         d3d_disp.cpp:1783 d3d_create_display_locked        [   0.09148] al_display=00000000010fb4f0
d3d      D         d3d_disp.cpp:1784 d3d_create_display_locked        [   0.09150] al_display->vt=00000000010fb380
d3d      I d3d_display_formats.cpp:144  _al_d3d_generate_display_format_list [   0.09314] found 64 format combinations
display  D   display_settings.c:212  debug_display_settings           [   0.09320] color: 32 (rgba 8880), depth: 0, stencil: 0, acc: 0000, samples: 0/0
display  D   display_settings.c:527  _al_score_display_settings       [   0.09324] Score is : 897
display  D   display_settings.c:212  debug_display_settings           [   0.09327] color: 32 (rgba 8880), depth: 0, stencil: 0, acc: 0000, samples: 0/0
display  D   display_settings.c:527  _al_score_display_settings       [   0.09330] Score is : 897
display  D   display_settings.c:212  debug_display_settings           [   0.09332] color: 32 (rgba 8880), depth: 24, stencil: 8, acc: 0000, samples: 0/0
display  D   display_settings.c:527  _al_score_display_settings       [   0.09335] Score is : 897
display  D   display_settings.c:212  debug_display_settings           [   0.09337] color: 32 (rgba 8880), depth: 24, stencil: 8, acc: 0000, samples: 0/0
display  D   display_settings.c:527  _al_score_display_settings       [   0.09340] Score is : 897
display  D   display_settings.c:212  debug_display_settings           [   0.09342] color: 32 (rgba 8880), depth: 24, stencil: 0, acc: 0000, samples: 0/0
display  D   display_settings.c:527  _al_score_display_settings       [   0.09345] Score is : 897
display  D   display_settings.c:212  debug_display_settings           [   0.09347] color: 32 (rgba 8880), depth: 24, stencil: 0, acc: 0000, samples: 0/0
display  D   display_settings.c:527  _al_score_display_settings       [   0.09350] Score is : 897
display  D   display_settings.c:212  debug_display_settings           [   0.09352] color: 32 (rgba 8880), depth: 16, stencil: 0, acc: 0000, samples: 0/0
display  D   display_settings.c:527  _al_score_display_settings       [   0.09355] Score is : 897
display  D   display_settings.c:212  debug_display_settings           [   0.09357] color: 32 (rgba 8880), depth: 16, stencil: 0, acc: 0000, samples: 0/0
display  D   display_settings.c:527  _al_score_display_settings       [   0.09360] Score is : 897
display  D   display_settings.c:212  debug_display_settings           [   0.09362] color: 16 (rgba 5650), depth: 0, stencil: 0, acc: 0000, samples: 0/0
display  D   display_settings.c:527  _al_score_display_settings       [   0.09371] Score is : 897
display  D   display_settings.c:212  debug_display_settings           [   0.09374] color: 16 (rgba 5650), depth: 0, stencil: 0, acc: 0000, samples: 0/0
display  D   display_settings.c:527  _al_score_display_settings       [   0.09377] Score is : 897
display  D   display_settings.c:212  debug_display_settings           [   0.09380] color: 16 (rgba 5650), depth: 24, stencil: 8, acc: 0000, samples: 0/0
display  D   display_settings.c:527  _al_score_display_settings       [   0.09382] Score is : 897
display  D   display_settings.c:212  debug_display_settings           [   0.09385] color: 16 (rgba 5650), depth: 24, stencil: 8, acc: 0000, samples: 0/0
display  D   display_settings.c:527  _al_score_display_settings       [   0.09387] Score is : 897
display  D   display_settings.c:212  debug_display_settings           [   0.09389] color: 16 (rgba 5650), depth: 24, stencil: 0, acc: 0000, samples: 0/0
display  D   display_settings.c:527  _al_score_display_settings       [   0.09392] Score is : 897
display  D   display_settings.c:212  debug_display_settings           [   0.09394] color: 16 (rgba 5650), depth: 24, stencil: 0, acc: 0000, samples: 0/0
display  D   display_settings.c:527  _al_score_display_settings       [   0.09397] Score is : 897
display  D   display_settings.c:212  debug_display_settings           [   0.09399] color: 16 (rgba 5650), depth: 16, stencil: 0, acc: 0000, samples: 0/0
display  D   display_settings.c:527  _al_score_display_settings       [   0.09402] Score is : 897
display  D   display_settings.c:212  debug_display_settings           [   0.09404] color: 16 (rgba 5650), depth: 16, stencil: 0, acc: 0000, samples: 0/0
display  D   display_settings.c:527  _al_score_display_settings       [   0.09407] Score is : 897
display  D   display_settings.c:212  debug_display_settings           [   0.09409] color: 32 (rgba 8880), depth: 0, stencil: 0, acc: 0000, samples: 0/0
display  D   display_settings.c:398  _al_score_display_settings       [   0.09412] Single Buffer requirement not met.
display  D   display_settings.c:212  debug_display_settings           [   0.09415] color: 32 (rgba 8880), depth: 0, stencil: 0, acc: 0000, samples: 0/0
display  D   display_settings.c:398  _al_score_display_settings       [   0.09418] Single Buffer requirement not met.
display  D   display_settings.c:212  debug_display_settings           [   0.09421] color: 32 (rgba 8880), depth: 24, stencil: 8, acc: 0000, samples: 0/0
display  D   display_settings.c:398  _al_score_display_settings       [   0.09423] Single Buffer requirement not met.
display  D   display_settings.c:212  debug_display_settings           [   0.09426] color: 32 (rgba 8880), depth: 24, stencil: 8, acc: 0000, samples: 0/0
display  D   display_settings.c:398  _al_score_display_settings       [   0.09429] Single Buffer requirement not met.
display  D   display_settings.c:212  debug_display_settings           [   0.09431] color: 32 (rgba 8880), depth: 24, stencil: 0, acc: 0000, samples: 0/0
display  D   display_settings.c:398  _al_score_display_settings       [   0.09434] Single Buffer requirement not met.
display  D   display_settings.c:212  debug_display_settings           [   0.09437] color: 32 (rgba 8880), depth: 24, stencil: 0, acc: 0000, samples: 0/0
display  D   display_settings.c:398  _al_score_display_settings       [   0.09442] Single Buffer requirement not met.
display  D   display_settings.c:212  debug_display_settings           [   0.09445] color: 32 (rgba 8880), depth: 16, stencil: 0, acc: 0000, samples: 0/0
display  D   display_settings.c:398  _al_score_display_settings       [   0.09447] Single Buffer requirement not met.
display  D   display_settings.c:212  debug_display_settings           [   0.09450] color: 32 (rgba 8880), depth: 16, stencil: 0, acc: 0000, samples: 0/0
display  D   display_settings.c:398  _al_score_display_settings       [   0.09452] Single Buffer requirement not met.
display  D   display_settings.c:212  debug_display_settings           [   0.09455] color: 16 (rgba 5650), depth: 0, stencil: 0, acc: 0000, samples: 0/0
display  D   display_settings.c:398  _al_score_display_settings       [   0.09458] Single Buffer requirement not met.
display  D   display_settings.c:212  debug_display_settings           [   0.09460] color: 16 (rgba 5650), depth: 0, stencil: 0, acc: 0000, samples: 0/0
display  D   display_settings.c:398  _al_score_display_settings       [   0.09463] Single Buffer requirement not met.
display  D   display_settings.c:212  debug_display_settings           [   0.09466] color: 16 (rgba 5650), depth: 24, stencil: 8, acc: 0000, samples: 0/0
display  D   display_settings.c:398  _al_score_display_settings       [   0.09468] Single Buffer requirement not met.
display  D   display_settings.c:212  debug_display_settings           [   0.09471] color: 16 (rgba 5650), depth: 24, stencil: 8, acc: 0000, samples: 0/0
display  D   display_settings.c:398  _al_score_display_settings       [   0.09473] Single Buffer requirement not met.
display  D   display_settings.c:212  debug_display_settings           [   0.09476] color: 16 (rgba 5650), depth: 24, stencil: 0, acc: 0000, samples: 0/0
display  D   display_settings.c:398  _al_score_display_settings       [   0.09478] Single Buffer requirement not met.
display  D   display_settings.c:212  debug_display_settings           [   0.09481] color: 16 (rgba 5650), depth: 24, stencil: 0, acc: 0000, samples: 0/0
display  D   display_settings.c:398  _al_score_display_settings       [   0.09483] Single Buffer requirement not met.
display  D   display_settings.c:212  debug_display_settings           [   0.09486] color: 16 (rgba 5650), depth: 16, stencil: 0, acc: 0000, samples: 0/0
display  D   display_settings.c:398  _al_score_display_settings       [   0.09488] Single Buffer requirement not met.
display  D   display_settings.c:212  debug_display_settings           [   0.09491] color: 16 (rgba 5650), depth: 16, stencil: 0, acc: 0000, samples: 0/0
display  D   display_settings.c:398  _al_score_display_settings       [   0.09493] Single Buffer requirement not met.
display  D   display_settings.c:212  debug_display_settings           [   0.09496] color: 32 (rgba 8880), depth: 0, stencil: 0, acc: 0000, samples: 0/0
display  D   display_settings.c:527  _al_score_display_settings       [   0.09499] Score is : 769
display  D   display_settings.c:212  debug_display_settings           [   0.09501] color: 32 (rgba 8880), depth: 0, stencil: 0, acc: 0000, samples: 0/0
display  D   display_settings.c:527  _al_score_display_settings       [   0.09504] Score is : 769
display  D   display_settings.c:212  debug_display_settings           [   0.09506] color: 32 (rgba 8880), depth: 24, stencil: 8, acc: 0000, samples: 0/0
display  D   display_settings.c:527  _al_score_display_settings       [   0.09508] Score is : 769
display  D   display_settings.c:212  debug_display_settings           [   0.09511] color: 32 (rgba 8880), depth: 24, stencil: 8, acc: 0000, samples: 0/0
display  D   display_settings.c:527  _al_score_display_settings       [   0.09514] Score is : 769
display  D   display_settings.c:212  debug_display_settings           [   0.09517] color: 32 (rgba 8880), depth: 24, stencil: 0, acc: 0000, samples: 0/0
display  D   display_settings.c:527  _al_score_display_settings       [   0.09520] Score is : 769
display  D   display_settings.c:212  debug_display_settings           [   0.09522] color: 32 (rgba 8880), depth: 24, stencil: 0, acc: 0000, samples: 0/0
display  D   display_settings.c:527  _al_score_display_settings       [   0.09525] Score is : 769
display  D   display_settings.c:212  debug_display_settings           [   0.09527] color: 32 (rgba 8880), depth: 16, stencil: 0, acc: 0000, samples: 0/0
display  D   display_settings.c:527  _al_score_display_settings       [   0.09530] Score is : 769
display  D   display_settings.c:212  debug_display_settings           [   0.09532] color: 32 (rgba 8880), depth: 16, stencil: 0, acc: 0000, samples: 0/0
display  D   display_settings.c:527  _al_score_display_settings       [   0.09535] Score is : 769
display  D   display_settings.c:212  debug_display_settings           [   0.09538] color: 16 (rgba 5650), depth: 0, stencil: 0, acc: 0000, samples: 0/0
display  D   display_settings.c:527  _al_score_display_settings       [   0.09541] Score is : 769
display  D   display_settings.c:212  debug_display_settings           [   0.09544] color: 16 (rgba 5650), depth: 0, stencil: 0, acc: 0000, samples: 0/0
display  D   display_settings.c:527  _al_score_display_settings       [   0.09547] Score is : 769
display  D   display_settings.c:212  debug_display_settings           [   0.09549] color: 16 (rgba 5650), depth: 24, stencil: 8, acc: 0000, samples: 0/0
display  D   display_settings.c:527  _al_score_display_settings       [   0.09552] Score is : 769
display  D   display_settings.c:212  debug_display_settings           [   0.09554] color: 16 (rgba 5650), depth: 24, stencil: 8, acc: 0000, samples: 0/0
display  D   display_settings.c:527  _al_score_display_settings       [   0.09557] Score is : 769
display  D   display_settings.c:212  debug_display_settings           [   0.09559] color: 16 (rgba 5650), depth: 24, stencil: 0, acc: 0000, samples: 0/0
display  D   display_settings.c:527  _al_score_display_settings       [   0.09562] Score is : 769
display  D   display_settings.c:212  debug_display_settings           [   0.09564] color: 16 (rgba 5650), depth: 24, stencil: 0, acc: 0000, samples: 0/0
display  D   display_settings.c:527  _al_score_display_settings       [   0.09567] Score is : 769
display  D   display_settings.c:212  debug_display_settings           [   0.09569] color: 16 (rgba 5650), depth: 16, stencil: 0, acc: 0000, samples: 0/0
display  D   display_settings.c:527  _al_score_display_settings       [   0.09572] Score is : 769
display  D   display_settings.c:212  debug_display_settings           [   0.09574] color: 16 (rgba 5650), depth: 16, stencil: 0, acc: 0000, samples: 0/0
display  D   display_settings.c:527  _al_score_display_settings       [   0.09577] Score is : 769
display  D   display_settings.c:212  debug_display_settings           [   0.09579] color: 32 (rgba 8880), depth: 0, stencil: 0, acc: 0000, samples: 0/0
display  D   display_settings.c:398  _al_score_display_settings       [   0.09582] Single Buffer requirement not met.
display  D   display_settings.c:212  debug_display_settings           [   0.09586] color: 32 (rgba 8880), depth: 0, stencil: 0, acc: 0000, samples: 0/0
display  D   display_settings.c:398  _al_score_display_settings       [   0.09589] Single Buffer requirement not met.
display  D   display_settings.c:212  debug_display_settings           [   0.09591] color: 32 (rgba 8880), depth: 24, stencil: 8, acc: 0000, samples: 0/0
display  D   display_settings.c:398  _al_score_display_settings       [   0.09594] Single Buffer requirement not met.
display  D   display_settings.c:212  debug_display_settings           [   0.09596] color: 32 (rgba 8880), depth: 24, stencil: 8, acc: 0000, samples: 0/0
display  D   display_settings.c:398  _al_score_display_settings       [   0.09599] Single Buffer requirement not met.
display  D   display_settings.c:212  debug_display_settings           [   0.09601] color: 32 (rgba 8880), depth: 24, stencil: 0, acc: 0000, samples: 0/0
display  D   display_settings.c:398  _al_score_display_settings       [   0.09604] Single Buffer requirement not met.
display  D   display_settings.c:212  debug_display_settings           [   0.09606] color: 32 (rgba 8880), depth: 24, stencil: 0, acc: 0000, samples: 0/0
display  D   display_settings.c:398  _al_score_display_settings       [   0.09609] Single Buffer requirement not met.
display  D   display_settings.c:212  debug_display_settings           [   0.09612] color: 32 (rgba 8880), depth: 16, stencil: 0, acc: 0000, samples: 0/0
display  D   display_settings.c:398  _al_score_display_settings       [   0.09615] Single Buffer requirement not met.
display  D   display_settings.c:212  debug_display_settings           [   0.09636] color: 32 (rgba 8880), depth: 16, stencil: 0, acc: 0000, samples: 0/0
display  D   display_settings.c:398  _al_score_display_settings       [   0.09640] Single Buffer requirement not met.
display  D   display_settings.c:212  debug_display_settings           [   0.09642] color: 16 (rgba 5650), depth: 0, stencil: 0, acc: 0000, samples: 0/0
display  D   display_settings.c:398  _al_score_display_settings       [   0.09645] Single Buffer requirement not met.
display  D   display_settings.c:212  debug_display_settings           [   0.09647] color: 16 (rgba 5650), depth: 0, stencil: 0, acc: 0000, samples: 0/0
display  D   display_settings.c:398  _al_score_display_settings       [   0.09650] Single Buffer requirement not met.
display  D   display_settings.c:212  debug_display_settings           [   0.09652] color: 16 (rgba 5650), depth: 24, stencil: 8, acc: 0000, samples: 0/0
display  D   display_settings.c:398  _al_score_display_settings       [   0.09655] Single Buffer requirement not met.
display  D   display_settings.c:212  debug_display_settings           [   0.09657] color: 16 (rgba 5650), depth: 24, stencil: 8, acc: 0000, samples: 0/0
display  D   display_settings.c:398  _al_score_display_settings       [   0.09660] Single Buffer requirement not met.
display  D   display_settings.c:212  debug_display_settings           [   0.09662] color: 16 (rgba 5650), depth: 24, stencil: 0, acc: 0000, samples: 0/0
display  D   display_settings.c:398  _al_score_display_settings       [   0.09665] Single Buffer requirement not met.
display  D   display_settings.c:212  debug_display_settings           [   0.09667] color: 16 (rgba 5650), depth: 24, stencil: 0, acc: 0000, samples: 0/0
display  D   display_settings.c:398  _al_score_display_settings       [   0.09670] Single Buffer requirement not met.
display  D   display_settings.c:212  debug_display_settings           [   0.09672] color: 16 (rgba 5650), depth: 16, stencil: 0, acc: 0000, samples: 0/0
display  D   display_settings.c:398  _al_score_display_settings       [   0.09675] Single Buffer requirement not met.
display  D   display_settings.c:212  debug_display_settings           [   0.09677] color: 16 (rgba 5650), depth: 16, stencil: 0, acc: 0000, samples: 0/0
display  D   display_settings.c:398  _al_score_display_settings       [   0.09680] Single Buffer requirement not met.
d3d      D         d3d_disp.cpp:1682 d3d_create_display_internals     [   0.09683] Trying format 0.
d3d      I         d3d_disp.cpp:1358 d3d_display_thread_proc          [   0.09727] Chose a display format: 23
d3d      I         d3d_disp.cpp:1427 d3d_display_thread_proc          [   0.09735] Normal window.
d3d      I         d3d_disp.cpp:791  d3d_create_device                [   0.15504] Using no depth stencil buffer
d3d      D         d3d_disp.cpp:853  d3d_create_device                [   0.18325] BeginScene succeeded in create_device
d3d      D         d3d_disp.cpp:861  d3d_create_device                [   0.18333] Success
d3d      D         d3d_disp.cpp:1705 d3d_create_display_internals     [   0.18343] Resumed after wait.
d3d      I         d3d_disp.cpp:1738 d3d_create_display_internals     [   0.18350] Format 0 succeeded.
d3d      D         d3d_disp.cpp:1769 d3d_create_display_internals     [   0.18355] Returning d3d_display: 00000000010fb4f0
d3d      D         d3d_disp.cpp:1794 d3d_create_display_locked        [   0.18358] al_display=00000000010fb4f0
d3d      D         d3d_disp.cpp:1795 d3d_create_display_locked        [   0.18360] al_display->vt=00000000010fb380
system   D            wsystem.c:874  _al_win_safe_load_library        [   0.18401] PathFindOnPath found: C:\WINDOWS\system32\d3dx9_43.dll
system   D            wsystem.c:780  load_library_at_path             [   0.18405] Calling LoadLibrary C:\WINDOWS\system32\d3dx9_43.dll
system   I            wsystem.c:783  load_library_at_path             [   0.18467] Loaded C:\WINDOWS\system32\d3dx9_43.dll
d3dx9    I        d3d_d3dx9.cpp:88   _imp_load_d3dx9_module_version   [   0.18473] Module "d3dx9_43.dll" loaded.
stdio    D         file_stdio.c:110  file_stdio_fopen                 [   0.18482] opening assets/font/pirulen.ttf rb
font     D                ttf.c:943  al_load_ttf_font_stretch_f       [   0.18536] Font assets/font/pirulen.ttf loaded with pixel size 0 x 12.
font     D                ttf.c:945  al_load_ttf_font_stretch_f       [   0.18540]     ascent=12.0, descent=-3.0, height=14.0
dtor     D               dtor.c:196  _al_register_destructor          [   0.18545] added dtor for ttf_font 000000000272b1c0, func 00007ffc75844c05
stdio    D         file_stdio.c:110  file_stdio_fopen                 [   0.18551] opening assets/sound/menu.mp3 rb
dtor     D               dtor.c:196  _al_register_destructor          [   1.17809] added dtor for sample 000000000272b190, func 00007ffc75851a1d
audio-dsound D           dsound.cpp:311  _dsound_allocate_voice           [   1.17826] Allocating voice
audio-dsound D           dsound.cpp:370  _dsound_allocate_voice           [   1.17830] Allocated voice
dtor     D               dtor.c:196  _al_register_destructor          [   1.17832] added dtor for voice 0000000002733520, func 00007ffc75855024
dtor     D               dtor.c:196  _al_register_destructor          [   1.17836] added dtor for mixer 0000000002732450, func 00007ffc758504dc
audio-dsound D           dsound.cpp:466  _dsound_start_voice              [   1.17838] Starting voice
audio-dsound D           dsound.cpp:494  _dsound_start_voice              [   1.17841] CreateSoundBuffer
audio-dsound D           dsound.cpp:502  _dsound_start_voice              [   1.18132] CreateSoundBuffer succeeded
audio-dsound D           dsound.cpp:508  _dsound_start_voice              [   1.18141] Starting _dsound_update thread
audio-dsound I           dsound.cpp:518  _dsound_start_voice              [   1.18151] Voice started
dtor     D               dtor.c:196  _al_register_destructor          [   1.18155] added dtor for sample_instance 0000000002732980, func 00007ffc7584929b
audio    D          kcm_mixer.c:121  _al_rechannel_matrix             [   1.18159] sample matrix:
audio    D          kcm_mixer.c:127  _al_rechannel_matrix             [   1.18161] 
audio    D          kcm_mixer.c:127  _al_rechannel_matrix             [   1.18163] 
dtor     D               dtor.c:196  _al_register_destructor          [   1.18165] added dtor for sample_instance 0000000002732aa0, func 00007ffc7584929b
audio    D          kcm_mixer.c:121  _al_rechannel_matrix             [   1.18168] sample matrix:
audio    D          kcm_mixer.c:127  _al_rechannel_matrix             [   1.18170] 
audio    D          kcm_mixer.c:127  _al_rechannel_matrix             [   1.18171] 
dtor     D               dtor.c:196  _al_register_destructor          [   1.18173] added dtor for sample_instance 0000000002732eb0, func 00007ffc7584929b
audio    D          kcm_mixer.c:121  _al_rechannel_matrix             [   1.18176] sample matrix:
audio    D          kcm_mixer.c:127  _al_rechannel_matrix             [   1.18178] 
audio    D          kcm_mixer.c:127  _al_rechannel_matrix             [   1.18180] 
dtor     D               dtor.c:196  _al_register_destructor          [   1.18182] added dtor for sample_instance 0000000002732690, func 00007ffc7584929b
audio    D          kcm_mixer.c:121  _al_rechannel_matrix             [   1.18204] sample matrix:
audio    D          kcm_mixer.c:127  _al_rechannel_matrix             [   1.18212] 
audio    D          kcm_mixer.c:127  _al_rechannel_matrix             [   1.18216] 
dtor     D               dtor.c:196  _al_register_destructor          [   1.18219] added dtor for sample_instance 0000000002732840, func 00007ffc7584929b
audio    D          kcm_mixer.c:121  _al_rechannel_matrix             [   1.18222] sample matrix:
audio    D          kcm_mixer.c:127  _al_rechannel_matrix             [   1.18226] 
audio    D          kcm_mixer.c:127  _al_rechannel_matrix             [   1.18227] 
dtor     D               dtor.c:196  _al_register_destructor          [   1.18229] added dtor for sample_instance 0000000002732fd0, func 00007ffc7584929b
audio    D          kcm_mixer.c:121  _al_rechannel_matrix             [   1.18232] sample matrix:
audio    D          kcm_mixer.c:127  _al_rechannel_matrix             [   1.18234] 
audio    D          kcm_mixer.c:127  _al_rechannel_matrix             [   1.18236] 
dtor     D               dtor.c:196  _al_register_destructor          [   1.18238] added dtor for sample_instance 00000000027330f0, func 00007ffc7584929b
audio    D          kcm_mixer.c:121  _al_rechannel_matrix             [   1.18241] sample matrix:
audio    D          kcm_mixer.c:127  _al_rechannel_matrix             [   1.18242] 
audio    D          kcm_mixer.c:127  _al_rechannel_matrix             [   1.18244] 
dtor     D               dtor.c:196  _al_register_destructor          [   1.18246] added dtor for sample_instance 0000000002733210, func 00007ffc7584929b
audio    D          kcm_mixer.c:121  _al_rechannel_matrix             [   1.18249] sample matrix:
audio    D          kcm_mixer.c:127  _al_rechannel_matrix             [   1.18250] 
audio    D          kcm_mixer.c:127  _al_rechannel_matrix             [   1.18252] 
dtor     D               dtor.c:196  _al_register_destructor          [   1.18254] added dtor for sample_instance 000000000273fd00, func 00007ffc7584929b
audio    D          kcm_mixer.c:121  _al_rechannel_matrix             [   1.18257] sample matrix:
audio    D          kcm_mixer.c:127  _al_rechannel_matrix             [   1.18259] 
audio    D          kcm_mixer.c:127  _al_rechannel_matrix             [   1.18261] 
dtor     D               dtor.c:196  _al_register_destructor          [   1.18262] added dtor for sample_instance 000000000273fe20, func 00007ffc7584929b
audio    D          kcm_mixer.c:121  _al_rechannel_matrix             [   1.18265] sample matrix:
audio    D          kcm_mixer.c:127  _al_rechannel_matrix             [   1.18267] 
audio    D          kcm_mixer.c:127  _al_rechannel_matrix             [   1.18269] 
dtor     D               dtor.c:196  _al_register_destructor          [   1.18271] added dtor for sample_instance 000000000273ff40, func 00007ffc7584929b
audio    D          kcm_mixer.c:121  _al_rechannel_matrix             [   1.18273] sample matrix:
audio    D          kcm_mixer.c:127  _al_rechannel_matrix             [   1.18275] 
audio    D          kcm_mixer.c:127  _al_rechannel_matrix             [   1.18277] 
dtor     D               dtor.c:196  _al_register_destructor          [   1.18279] added dtor for sample_instance 0000000002740060, func 00007ffc7584929b
audio    D          kcm_mixer.c:121  _al_rechannel_matrix             [   1.18281] sample matrix:
audio    D          kcm_mixer.c:127  _al_rechannel_matrix             [   1.18283] 
audio    D          kcm_mixer.c:127  _al_rechannel_matrix             [   1.18285] 
dtor     D               dtor.c:196  _al_register_destructor          [   1.18288] added dtor for sample_instance 00000000027401d0, func 00007ffc7584929b
audio    D          kcm_mixer.c:121  _al_rechannel_matrix             [   1.18290] sample matrix:
audio    D          kcm_mixer.c:127  _al_rechannel_matrix             [   1.18292] 
audio    D          kcm_mixer.c:127  _al_rechannel_matrix             [   1.18294] 
dtor     D               dtor.c:196  _al_register_destructor          [   1.18296] added dtor for sample_instance 0000000002740e30, func 00007ffc7584929b
audio    D          kcm_mixer.c:121  _al_rechannel_matrix             [   1.18298] sample matrix:
audio    D          kcm_mixer.c:127  _al_rechannel_matrix             [   1.18300] 
audio    D          kcm_mixer.c:127  _al_rechannel_matrix             [   1.18302] 
dtor     D               dtor.c:196  _al_register_destructor          [   1.18304] added dtor for sample_instance 0000000002740bf0, func 00007ffc7584929b
audio    D          kcm_mixer.c:121  _al_rechannel_matrix             [   1.18306] sample matrix:
audio    D          kcm_mixer.c:127  _al_rechannel_matrix             [   1.18308] 
audio    D          kcm_mixer.c:127  _al_rechannel_matrix             [   1.18310] 
dtor     D               dtor.c:196  _al_register_destructor          [   1.18312] added dtor for sample_instance 0000000002740770, func 00007ffc7584929b
audio    D          kcm_mixer.c:121  _al_rechannel_matrix             [   1.18314] sample matrix:
audio    D          kcm_mixer.c:127  _al_rechannel_matrix             [   1.18316] 
audio    D          kcm_mixer.c:127  _al_rechannel_matrix             [   1.18318] 
dtor     D               dtor.c:196  _al_register_destructor          [   1.18320] added dtor for sample_instance 00000000027402f0, func 00007ffc7584929b
audio    D          kcm_mixer.c:121  _al_rechannel_matrix             [   1.18323] sample matrix:
audio    D          kcm_mixer.c:127  _al_rechannel_matrix             [   1.18326] 
audio    D          kcm_mixer.c:127  _al_rechannel_matrix             [   1.18328] 
dtor     D               dtor.c:196  _al_register_destructor          [   1.18332] added dtor for sample_instance 0000000002740890, func 00007ffc7584929b
audio    D          kcm_mixer.c:121  _al_rechannel_matrix             [   1.18334] sample matrix:
audio    D          kcm_mixer.c:127  _al_rechannel_matrix             [   1.18336] 
audio    D          kcm_mixer.c:127  _al_rechannel_matrix             [   1.18338] 
dtor     D               dtor.c:196  _al_register_destructor          [   1.18340] added dtor for sample_instance 0000000002740ad0, func 00007ffc7584929b
audio    D          kcm_mixer.c:121  _al_rechannel_matrix             [   1.18342] sample matrix:
audio    D          kcm_mixer.c:127  _al_rechannel_matrix             [   1.18344] 
audio    D          kcm_mixer.c:127  _al_rechannel_matrix             [   1.18346] 
dtor     D               dtor.c:196  _al_register_destructor          [   1.18348] added dtor for sample_instance 0000000002740410, func 00007ffc7584929b
audio    D          kcm_mixer.c:121  _al_rechannel_matrix             [   1.18350] sample matrix:
audio    D          kcm_mixer.c:127  _al_rechannel_matrix             [   1.18352] 
audio    D          kcm_mixer.c:127  _al_rechannel_matrix             [   1.18354] 
dtor     D               dtor.c:196  _al_register_destructor          [   1.18356] added dtor for sample_instance 0000000002740650, func 00007ffc7584929b
audio-dsound D           dsound.cpp:528  _dsound_stop_voice               [   1.18360] Stopping voice
audio-dsound D           dsound.cpp:545  _dsound_stop_voice               [   1.18362] Joining thread
audio-dsound D           dsound.cpp:551  _dsound_stop_voice               [   2.06703] Joined thread
audio-dsound D           dsound.cpp:553  _dsound_stop_voice               [   2.06712] Destroying thread
audio-dsound D           dsound.cpp:555  _dsound_stop_voice               [   2.06715] Thread destroyed
audio-dsound D           dsound.cpp:562  _dsound_stop_voice               [   2.06718] Releasing buffer
audio-dsound I           dsound.cpp:566  _dsound_stop_voice               [   2.06721] Voice stopped
audio-dsound D           dsound.cpp:466  _dsound_start_voice              [   2.06724] Starting voice
audio-dsound D           dsound.cpp:494  _dsound_start_voice              [   2.06727] CreateSoundBuffer
audio-dsound D           dsound.cpp:502  _dsound_start_voice              [   2.06743] CreateSoundBuffer succeeded
audio-dsound D           dsound.cpp:508  _dsound_start_voice              [   2.06748] Starting _dsound_update thread
audio-dsound I           dsound.cpp:518  _dsound_start_voice              [   2.06766] Voice started
audio    D          kcm_mixer.c:121  _al_rechannel_matrix             [   2.06771] sample matrix:
audio    D          kcm_mixer.c:127  _al_rechannel_matrix             [   2.06774]  0.707107 0.000000
audio    D          kcm_mixer.c:127  _al_rechannel_matrix             [   2.06777]  0.000000 0.707107
audio    D          kcm_mixer.c:121  _al_rechannel_matrix             [   2.06780] sample matrix:
audio    D          kcm_mixer.c:127  _al_rechannel_matrix             [   2.06783]  0.070711 0.000000
audio    D          kcm_mixer.c:127  _al_rechannel_matrix             [   2.06798]  0.000000 0.070711
dtor     D               dtor.c:196  _al_register_destructor          [   2.06804] added dtor for queue 0000000002732bc0, func 00007ffc7574c5dc
dtor     D               dtor.c:196  _al_register_destructor          [   2.07302] added dtor for timer 0000000002732c90, func 00007ffc7575fb3b
stdio    D         file_stdio.c:110  file_stdio_fopen                 [   2.07339] opening assets/image/icon.jpg rb
stdio    D         file_stdio.c:110  file_stdio_fopen                 [   2.07380] opening assets/image/icon.jpg rb
d3d      D         d3d_disp.cpp:1202 real_choose_bitmap_format        [   2.07396] Fake format
d3d      D         d3d_disp.cpp:1202 real_choose_bitmap_format        [   2.07398] Fake format
d3d      D         d3d_disp.cpp:1202 real_choose_bitmap_format        [   2.07400] Fake format
d3d      D         d3d_disp.cpp:1202 real_choose_bitmap_format        [   2.07401] Fake format
d3d      D         d3d_disp.cpp:1202 real_choose_bitmap_format        [   2.07402] Fake format
d3d      D         d3d_disp.cpp:1202 real_choose_bitmap_format        [   2.07404] Fake format
d3d      D         d3d_disp.cpp:1202 real_choose_bitmap_format        [   2.07405] Fake format
d3d      D         d3d_disp.cpp:1202 real_choose_bitmap_format        [   2.07406] Fake format
d3d      D         d3d_disp.cpp:1202 real_choose_bitmap_format        [   2.07407] Fake format
d3d      D         d3d_disp.cpp:1210 real_choose_bitmap_format        [   2.07408] Alpha doesn't match
d3d      D         d3d_disp.cpp:1217 real_choose_bitmap_format        [   2.07409] Adapter format is 23
d3d      D         d3d_disp.cpp:1220 real_choose_bitmap_format        [   2.07410] Found a format
d3d      I         d3d_disp.cpp:2391 d3d_create_bitmap                [   2.07411] Chose bitmap format 9
dtor     D               dtor.c:196  _al_register_destructor          [   2.07442] added dtor for bitmap 0000000002765750, func 00007ffc75721bea
d3d      D         d3d_disp.cpp:1202 real_choose_bitmap_format        [   2.07599] Fake format
d3d      D         d3d_disp.cpp:1202 real_choose_bitmap_format        [   2.07608] Fake format
d3d      D         d3d_disp.cpp:1202 real_choose_bitmap_format        [   2.07610] Fake format
d3d      D         d3d_disp.cpp:1202 real_choose_bitmap_format        [   2.07611] Fake format
d3d      D         d3d_disp.cpp:1202 real_choose_bitmap_format        [   2.07613] Fake format
d3d      D         d3d_disp.cpp:1202 real_choose_bitmap_format        [   2.07615] Fake format
d3d      D         d3d_disp.cpp:1202 real_choose_bitmap_format        [   2.07616] Fake format
d3d      D         d3d_disp.cpp:1202 real_choose_bitmap_format        [   2.07618] Fake format
d3d      D         d3d_disp.cpp:1202 real_choose_bitmap_format        [   2.07620] Fake format
d3d      D         d3d_disp.cpp:1210 real_choose_bitmap_format        [   2.07621] Alpha doesn't match
d3d      D         d3d_disp.cpp:1217 real_choose_bitmap_format        [   2.07623] Adapter format is 23
d3d      D         d3d_disp.cpp:1220 real_choose_bitmap_format        [   2.07624] Found a format
d3d      I         d3d_disp.cpp:2391 d3d_create_bitmap                [   2.07625] Chose bitmap format 9
dtor     D               dtor.c:196  _al_register_destructor          [   2.07638] added dtor for bitmap 00000000027f4890, func 00007ffc75721bea
d3d      D          d3d_bmp.cpp:539  _al_d3d_sync_bitmap              [   2.08307] _al_d3d_sync_bitmap (system) ref count == 1
d3d      D          d3d_bmp.cpp:545  _al_d3d_sync_bitmap              [   2.08312] _al_d3d_sync_bitmap (video) ref count == 1
dtor     D               dtor.c:227  _al_unregister_destructor        [   2.08452] removed dtor for bitmap 00000000027f4890
d3d      D         d3d_disp.cpp:1202 real_choose_bitmap_format        [   2.08636] Fake format
d3d      D         d3d_disp.cpp:1202 real_choose_bitmap_format        [   2.08642] Fake format
d3d      D         d3d_disp.cpp:1202 real_choose_bitmap_format        [   2.08644] Fake format
d3d      D         d3d_disp.cpp:1202 real_choose_bitmap_format        [   2.08646] Fake format
d3d      D         d3d_disp.cpp:1202 real_choose_bitmap_format        [   2.08647] Fake format
d3d      D         d3d_disp.cpp:1202 real_choose_bitmap_format        [   2.08648] Fake format
d3d      D         d3d_disp.cpp:1202 real_choose_bitmap_format        [   2.08649] Fake format
d3d      D         d3d_disp.cpp:1202 real_choose_bitmap_format        [   2.08650] Fake format
d3d      D         d3d_disp.cpp:1202 real_choose_bitmap_format        [   2.08651] Fake format
d3d      D         d3d_disp.cpp:1210 real_choose_bitmap_format        [   2.08652] Alpha doesn't match
d3d      D         d3d_disp.cpp:1217 real_choose_bitmap_format        [   2.08653] Adapter format is 23
d3d      D         d3d_disp.cpp:1220 real_choose_bitmap_format        [   2.08655] Found a format
d3d      I         d3d_disp.cpp:2391 d3d_create_bitmap                [   2.08656] Chose bitmap format 9
dtor     D               dtor.c:196  _al_register_destructor          [   2.08678] added dtor for bitmap 00000000027f4890, func 00007ffc75721bea
d3d      D          d3d_bmp.cpp:539  _al_d3d_sync_bitmap              [   2.09098] _al_d3d_sync_bitmap (system) ref count == 1
d3d      D          d3d_bmp.cpp:545  _al_d3d_sync_bitmap              [   2.09103] _al_d3d_sync_bitmap (video) ref count == 1
dtor     D               dtor.c:227  _al_unregister_destructor        [   2.09349] removed dtor for bitmap 00000000027f4890
d3d      D         d3d_disp.cpp:1202 real_choose_bitmap_format        [   2.10663] Fake format
d3d      D         d3d_disp.cpp:1202 real_choose_bitmap_format        [   2.10668] Fake format
d3d      D         d3d_disp.cpp:1202 real_choose_bitmap_format        [   2.10669] Fake format
d3d      D         d3d_disp.cpp:1202 real_choose_bitmap_format        [   2.10670] Fake format
d3d      D         d3d_disp.cpp:1202 real_choose_bitmap_format        [   2.10671] Fake format
d3d      D         d3d_disp.cpp:1202 real_choose_bitmap_format        [   2.10672] Fake format
d3d      D         d3d_disp.cpp:1202 real_choose_bitmap_format        [   2.10673] Fake format
d3d      D         d3d_disp.cpp:1202 real_choose_bitmap_format        [   2.10674] Fake format
d3d      D         d3d_disp.cpp:1202 real_choose_bitmap_format        [   2.10675] Fake format
d3d      D         d3d_disp.cpp:1210 real_choose_bitmap_format        [   2.10675] Alpha doesn't match
d3d      D         d3d_disp.cpp:1217 real_choose_bitmap_format        [   2.10676] Adapter format is 23
d3d      D         d3d_disp.cpp:1220 real_choose_bitmap_format        [   2.10678] Found a format
d3d      I         d3d_disp.cpp:2391 d3d_create_bitmap                [   2.10679] Chose bitmap format 9
font     D                ttf.c:243  alloc_glyph_region               [   2.10698] Glyph 50: 13x11 (16x12)
font     D                ttf.c:287  alloc_glyph_region               [   2.10699] Locking glyph region: 0000000002760840 0 0 16 12
font     D                ttf.c:167  unlock_current_page              [   2.10705] Unlocking page: 0000000002760840
font     D                ttf.c:243  alloc_glyph_region               [   2.10715] Glyph 84: 13x11 (16x12)
font     D                ttf.c:287  alloc_glyph_region               [   2.10716] Locking glyph region: 0000000002760840 16 0 16 12
font     D                ttf.c:167  unlock_current_page              [   2.10718] Unlocking page: 0000000002760840
font     D                ttf.c:243  alloc_glyph_region               [   2.10726] Glyph 71: 12x11 (12x12)
font     D                ttf.c:287  alloc_glyph_region               [   2.10728] Locking glyph region: 0000000002760840 32 0 12 12
font     D                ttf.c:167  unlock_current_page              [   2.10729] Unlocking page: 0000000002760840
font     D                ttf.c:243  alloc_glyph_region               [   2.10740] Glyph 85: 13x11 (16x12)
font     D                ttf.c:287  alloc_glyph_region               [   2.10742] Locking glyph region: 0000000002760840 44 0 16 12
font     D                ttf.c:167  unlock_current_page              [   2.10744] Unlocking page: 0000000002760840
font     D                ttf.c:446  cache_glyph                      [   2.10746] Glyph 2 has zero size.
font     D                ttf.c:243  alloc_glyph_region               [   2.10750] Glyph 9: 5x5 (8x8)
font     D                ttf.c:287  alloc_glyph_region               [   2.10751] Locking glyph region: 0000000002760840 60 0 8 8
font     D                ttf.c:167  unlock_current_page              [   2.10753] Unlocking page: 0000000002760840
font     D                ttf.c:243  alloc_glyph_region               [   2.10759] Glyph 39: 12x11 (12x12)
font     D                ttf.c:287  alloc_glyph_region               [   2.10761] Locking glyph region: 0000000002760840 68 0 12 12
font     D                ttf.c:167  unlock_current_page              [   2.10762] Unlocking page: 0000000002760840
font     D                ttf.c:243  alloc_glyph_region               [   2.10769] Glyph 80: 14x11 (16x12)
font     D                ttf.c:287  alloc_glyph_region               [   2.10770] Locking glyph region: 0000000002760840 80 0 16 12
font     D                ttf.c:167  unlock_current_page              [   2.10772] Unlocking page: 0000000002760840
font     D                ttf.c:243  alloc_glyph_region               [   2.10779] Glyph 86: 13x11 (16x12)
font     D                ttf.c:287  alloc_glyph_region               [   2.10780] Locking glyph region: 0000000002760840 96 0 16 12
font     D                ttf.c:167  unlock_current_page              [   2.10782] Unlocking page: 0000000002760840
font     D                ttf.c:243  alloc_glyph_region               [   2.10790] Glyph 81: 14x11 (16x12)
font     D                ttf.c:287  alloc_glyph_region               [   2.10791] Locking glyph region: 0000000002760840 112 0 16 12
font     D                ttf.c:167  unlock_current_page              [   2.10793] Unlocking page: 0000000002760840
font     D                ttf.c:243  alloc_glyph_region               [   2.10799] Glyph 67: 15x11 (16x12)
font     D                ttf.c:287  alloc_glyph_region               [   2.10800] Locking glyph region: 0000000002760840 128 0 16 12
font     D                ttf.c:167  unlock_current_page              [   2.10802] Unlocking page: 0000000002760840
d3d      D          d3d_bmp.cpp:539  _al_d3d_sync_bitmap              [   2.11275] _al_d3d_sync_bitmap (system) ref count == 1
d3d      D          d3d_bmp.cpp:545  _al_d3d_sync_bitmap              [   2.11280] _al_d3d_sync_bitmap (video) ref count == 1
d3d      D          d3d_bmp.cpp:539  _al_d3d_sync_bitmap              [   2.11406] _al_d3d_sync_bitmap (system) ref count == 1
d3d      D          d3d_bmp.cpp:545  _al_d3d_sync_bitmap              [   2.11411] _al_d3d_sync_bitmap (video) ref count == 1
dtor     D               dtor.c:227  _al_unregister_destructor        [   2.69121] removed dtor for ttf_font 000000000272b1c0
dtor     D               dtor.c:227  _al_unregister_destructor        [   2.69164] removed dtor for sample 000000000272b190
dtor     D               dtor.c:227  _al_unregister_destructor        [   2.69506] removed dtor for sample_instance 0000000002740650
stdio    D         file_stdio.c:110  file_stdio_fopen                 [   2.69517] opening assets/image/Bomberman_background.png rb
stdio    D         file_stdio.c:110  file_stdio_fopen                 [   2.69559] opening assets/image/Bomberman_background.png rb
d3d      D         d3d_disp.cpp:1202 real_choose_bitmap_format        [   2.69583] Fake format
d3d      D         d3d_disp.cpp:1202 real_choose_bitmap_format        [   2.69587] Fake format
d3d      D         d3d_disp.cpp:1202 real_choose_bitmap_format        [   2.69589] Fake format
d3d      D         d3d_disp.cpp:1202 real_choose_bitmap_format        [   2.69591] Fake format
d3d      D         d3d_disp.cpp:1202 real_choose_bitmap_format        [   2.69593] Fake format
d3d      D         d3d_disp.cpp:1202 real_choose_bitmap_format        [   2.69596] Fake format
d3d      D         d3d_disp.cpp:1202 real_choose_bitmap_format        [   2.69599] Fake format
d3d      D         d3d_disp.cpp:1202 real_choose_bitmap_format        [   2.69602] Fake format
d3d      D         d3d_disp.cpp:1202 real_choose_bitmap_format        [   2.69604] Fake format
d3d      D         d3d_disp.cpp:1210 real_choose_bitmap_format        [   2.69606] Alpha doesn't match
d3d      D         d3d_disp.cpp:1217 real_choose_bitmap_format        [   2.69608] Adapter format is 23
d3d      D         d3d_disp.cpp:1220 real_choose_bitmap_format        [   2.69611] Found a format
d3d      I         d3d_disp.cpp:2391 d3d_create_bitmap                [   2.69614] Chose bitmap format 9
dtor     D               dtor.c:196  _al_register_destructor          [   2.69638] added dtor for bitmap 00000000027f4890, func 00007ffc75721bea
stdio    D         file_stdio.c:110  file_stdio_fopen                 [   2.78956] opening assets/image/chara_stop.gif rb
d3d      D         d3d_disp.cpp:1202 real_choose_bitmap_format        [   2.79158] Fake format
d3d      D         d3d_disp.cpp:1202 real_choose_bitmap_format        [   2.79161] Fake format
d3d      D         d3d_disp.cpp:1202 real_choose_bitmap_format        [   2.79163] Fake format
d3d      D         d3d_disp.cpp:1202 real_choose_bitmap_format        [   2.79164] Fake format
d3d      D         d3d_disp.cpp:1202 real_choose_bitmap_format        [   2.79166] Fake format
d3d      D         d3d_disp.cpp:1202 real_choose_bitmap_format        [   2.79167] Fake format
d3d      D         d3d_disp.cpp:1202 real_choose_bitmap_format        [   2.79169] Fake format
d3d      D         d3d_disp.cpp:1202 real_choose_bitmap_format        [   2.79170] Fake format
d3d      D         d3d_disp.cpp:1202 real_choose_bitmap_format        [   2.79172] Fake format
d3d      D         d3d_disp.cpp:1210 real_choose_bitmap_format        [   2.79173] Alpha doesn't match
d3d      D         d3d_disp.cpp:1217 real_choose_bitmap_format        [   2.79175] Adapter format is 23
d3d      D         d3d_disp.cpp:1220 real_choose_bitmap_format        [   2.79177] Found a format
d3d      I         d3d_disp.cpp:2391 d3d_create_bitmap                [   2.79178] Chose bitmap format 9
dtor     D               dtor.c:196  _al_register_destructor          [   2.79199] added dtor for bitmap 000000000275f220, func 00007ffc75721bea
d3d      D         d3d_disp.cpp:1202 real_choose_bitmap_format        [   2.79960] Fake format
d3d      D         d3d_disp.cpp:1202 real_choose_bitmap_format        [   2.79966] Fake format
d3d      D         d3d_disp.cpp:1202 real_choose_bitmap_format        [   2.79968] Fake format
d3d      D         d3d_disp.cpp:1202 real_choose_bitmap_format        [   2.79969] Fake format
d3d      D         d3d_disp.cpp:1202 real_choose_bitmap_format        [   2.79970] Fake format
d3d      D         d3d_disp.cpp:1202 real_choose_bitmap_format        [   2.79972] Fake format
d3d      D         d3d_disp.cpp:1202 real_choose_bitmap_format        [   2.79973] Fake format
d3d      D         d3d_disp.cpp:1202 real_choose_bitmap_format        [   2.79974] Fake format
d3d      D         d3d_disp.cpp:1202 real_choose_bitmap_format        [   2.79975] Fake format
d3d      D         d3d_disp.cpp:1210 real_choose_bitmap_format        [   2.79977] Alpha doesn't match
d3d      D         d3d_disp.cpp:1217 real_choose_bitmap_format        [   2.79978] Adapter format is 23
d3d      D         d3d_disp.cpp:1220 real_choose_bitmap_format        [   2.79980] Found a format
d3d      I         d3d_disp.cpp:2391 d3d_create_bitmap                [   2.79981] Chose bitmap format 9
dtor     D               dtor.c:196  _al_register_destructor          [   2.79999] added dtor for bitmap 000000000275bea0, func 00007ffc75721bea
d3d      D         d3d_disp.cpp:1202 real_choose_bitmap_format        [   2.80741] Fake format
d3d      D         d3d_disp.cpp:1202 real_choose_bitmap_format        [   2.80744] Fake format
d3d      D         d3d_disp.cpp:1202 real_choose_bitmap_format        [   2.80746] Fake format
d3d      D         d3d_disp.cpp:1202 real_choose_bitmap_format        [   2.80748] Fake format
d3d      D         d3d_disp.cpp:1202 real_choose_bitmap_format        [   2.80749] Fake format
d3d      D         d3d_disp.cpp:1202 real_choose_bitmap_format        [   2.80751] Fake format
d3d      D         d3d_disp.cpp:1202 real_choose_bitmap_format        [   2.80752] Fake format
d3d      D         d3d_disp.cpp:1202 real_choose_bitmap_format        [   2.80753] Fake format
d3d      D         d3d_disp.cpp:1202 real_choose_bitmap_format        [   2.80754] Fake format
d3d      D         d3d_disp.cpp:1210 real_choose_bitmap_format        [   2.80756] Alpha doesn't match
d3d      D         d3d_disp.cpp:1217 real_choose_bitmap_format        [   2.80757] Adapter format is 23
d3d      D         d3d_disp.cpp:1220 real_choose_bitmap_format        [   2.80758] Found a format
d3d      I         d3d_disp.cpp:2391 d3d_create_bitmap                [   2.80760] Chose bitmap format 9
dtor     D               dtor.c:196  _al_register_destructor          [   2.80775] added dtor for bitmap 00000000027f4d30, func 00007ffc75721bea
d3d      D         d3d_disp.cpp:1202 real_choose_bitmap_format        [   2.81468] Fake format
d3d      D         d3d_disp.cpp:1202 real_choose_bitmap_format        [   2.81471] Fake format
d3d      D         d3d_disp.cpp:1202 real_choose_bitmap_format        [   2.81473] Fake format
d3d      D         d3d_disp.cpp:1202 real_choose_bitmap_format        [   2.81474] Fake format
d3d      D         d3d_disp.cpp:1202 real_choose_bitmap_format        [   2.81476] Fake format
d3d      D         d3d_disp.cpp:1202 real_choose_bitmap_format        [   2.81477] Fake format
d3d      D         d3d_disp.cpp:1202 real_choose_bitmap_format        [   2.81478] Fake format
d3d      D         d3d_disp.cpp:1202 real_choose_bitmap_format        [   2.81479] Fake format
d3d      D         d3d_disp.cpp:1202 real_choose_bitmap_format        [   2.81481] Fake format
d3d      D         d3d_disp.cpp:1210 real_choose_bitmap_format        [   2.81482] Alpha doesn't match
d3d      D         d3d_disp.cpp:1217 real_choose_bitmap_format        [   2.81483] Adapter format is 23
d3d      D         d3d_disp.cpp:1220 real_choose_bitmap_format        [   2.81484] Found a format
d3d      I         d3d_disp.cpp:2391 d3d_create_bitmap                [   2.81486] Chose bitmap format 9
dtor     D               dtor.c:196  _al_register_destructor          [   2.81501] added dtor for bitmap 0000000002760b90, func 00007ffc75721bea
stdio    D         file_stdio.c:110  file_stdio_fopen                 [   2.82126] opening assets/image/chara_move.gif rb
d3d      D         d3d_disp.cpp:1202 real_choose_bitmap_format        [   2.82253] Fake format
d3d      D         d3d_disp.cpp:1202 real_choose_bitmap_format        [   2.82256] Fake format
d3d      D         d3d_disp.cpp:1202 real_choose_bitmap_format        [   2.82257] Fake format
d3d      D         d3d_disp.cpp:1202 real_choose_bitmap_format        [   2.82259] Fake format
d3d      D         d3d_disp.cpp:1202 real_choose_bitmap_format        [   2.82260] Fake format
d3d      D         d3d_disp.cpp:1202 real_choose_bitmap_format        [   2.82261] Fake format
d3d      D         d3d_disp.cpp:1202 real_choose_bitmap_format        [   2.82262] Fake format
d3d      D         d3d_disp.cpp:1202 real_choose_bitmap_format        [   2.82264] Fake format
d3d      D         d3d_disp.cpp:1202 real_choose_bitmap_format        [   2.82265] Fake format
d3d      D         d3d_disp.cpp:1210 real_choose_bitmap_format        [   2.82266] Alpha doesn't match
d3d      D         d3d_disp.cpp:1217 real_choose_bitmap_format        [   2.82267] Adapter format is 23
d3d      D         d3d_disp.cpp:1220 real_choose_bitmap_format        [   2.82269] Found a format
d3d      I         d3d_disp.cpp:2391 d3d_create_bitmap                [   2.82270] Chose bitmap format 9
dtor     D               dtor.c:196  _al_register_destructor          [   2.82296] added dtor for bitmap 000000000280ed30, func 00007ffc75721bea
d3d      D         d3d_disp.cpp:1202 real_choose_bitmap_format        [   2.82861] Fake format
d3d      D         d3d_disp.cpp:1202 real_choose_bitmap_format        [   2.82865] Fake format
d3d      D         d3d_disp.cpp:1202 real_choose_bitmap_format        [   2.82866] Fake format
d3d      D         d3d_disp.cpp:1202 real_choose_bitmap_format        [   2.82868] Fake format
d3d      D         d3d_disp.cpp:1202 real_choose_bitmap_format        [   2.82869] Fake format
d3d      D         d3d_disp.cpp:1202 real_choose_bitmap_format        [   2.82870] Fake format
d3d      D         d3d_disp.cpp:1202 real_choose_bitmap_format        [   2.82872] Fake format
d3d      D         d3d_disp.cpp:1202 real_choose_bitmap_format        [   2.82873] Fake format
d3d      D         d3d_disp.cpp:1202 real_choose_bitmap_format        [   2.82874] Fake format
d3d      D         d3d_disp.cpp:1210 real_choose_bitmap_format        [   2.82875] Alpha doesn't match
d3d      D         d3d_disp.cpp:1217 real_choose_bitmap_format        [   2.82877] Adapter format is 23
d3d      D         d3d_disp.cpp:1220 real_choose_bitmap_format        [   2.82878] Found a format
d3d      I         d3d_disp.cpp:2391 d3d_create_bitmap                [   2.82882] Chose bitmap format 9
dtor     D               dtor.c:196  _al_register_destructor          [   2.82896] added dtor for bitmap 000000000ae04840, func 00007ffc75721bea
d3d      D         d3d_disp.cpp:1202 real_choose_bitmap_format        [   2.83486] Fake format
d3d      D         d3d_disp.cpp:1202 real_choose_bitmap_format        [   2.83489] Fake format
d3d      D         d3d_disp.cpp:1202 real_choose_bitmap_format        [   2.83491] Fake format
d3d      D         d3d_disp.cpp:1202 real_choose_bitmap_format        [   2.83492] Fake format
d3d      D         d3d_disp.cpp:1202 real_choose_bitmap_format        [   2.83493] Fake format
d3d      D         d3d_disp.cpp:1202 real_choose_bitmap_format        [   2.83495] Fake format
d3d      D         d3d_disp.cpp:1202 real_choose_bitmap_format        [   2.83496] Fake format
d3d      D         d3d_disp.cpp:1202 real_choose_bitmap_format        [   2.83497] Fake format
d3d      D         d3d_disp.cpp:1202 real_choose_bitmap_format        [   2.83498] Fake format
d3d      D         d3d_disp.cpp:1210 real_choose_bitmap_format        [   2.83500] Alpha doesn't match
d3d      D         d3d_disp.cpp:1217 real_choose_bitmap_format        [   2.83501] Adapter format is 23
d3d      D         d3d_disp.cpp:1220 real_choose_bitmap_format        [   2.83503] Found a format
d3d      I         d3d_disp.cpp:2391 d3d_create_bitmap                [   2.83504] Chose bitmap format 9
dtor     D               dtor.c:196  _al_register_destructor          [   2.83519] added dtor for bitmap 0000000002760d40, func 00007ffc75721bea
stdio    D         file_stdio.c:110  file_stdio_fopen                 [   2.84092] opening assets/image/chara_attack.gif rb
d3d      D         d3d_disp.cpp:1202 real_choose_bitmap_format        [   2.84258] Fake format
d3d      D         d3d_disp.cpp:1202 real_choose_bitmap_format        [   2.84260] Fake format
d3d      D         d3d_disp.cpp:1202 real_choose_bitmap_format        [   2.84261] Fake format
d3d      D         d3d_disp.cpp:1202 real_choose_bitmap_format        [   2.84262] Fake format
d3d      D         d3d_disp.cpp:1202 real_choose_bitmap_format        [   2.84264] Fake format
d3d      D         d3d_disp.cpp:1202 real_choose_bitmap_format        [   2.84265] Fake format
d3d      D         d3d_disp.cpp:1202 real_choose_bitmap_format        [   2.84266] Fake format
d3d      D         d3d_disp.cpp:1202 real_choose_bitmap_format        [   2.84267] Fake format
d3d      D         d3d_disp.cpp:1202 real_choose_bitmap_format        [   2.84269] Fake format
d3d      D         d3d_disp.cpp:1210 real_choose_bitmap_format        [   2.84270] Alpha doesn't match
d3d      D         d3d_disp.cpp:1217 real_choose_bitmap_format        [   2.84271] Adapter format is 23
d3d      D         d3d_disp.cpp:1220 real_choose_bitmap_format        [   2.84273] Found a format
d3d      I         d3d_disp.cpp:2391 d3d_create_bitmap                [   2.84274] Chose bitmap format 9
dtor     D               dtor.c:196  _al_register_destructor          [   2.84289] added dtor for bitmap 0000000002761240, func 00007ffc75721bea
d3d      D         d3d_disp.cpp:1202 real_choose_bitmap_format        [   2.84873] Fake format
d3d      D         d3d_disp.cpp:1202 real_choose_bitmap_format        [   2.84876] Fake format
d3d      D         d3d_disp.cpp:1202 real_choose_bitmap_format        [   2.84878] Fake format
d3d      D         d3d_disp.cpp:1202 real_choose_bitmap_format        [   2.84879] Fake format
d3d      D         d3d_disp.cpp:1202 real_choose_bitmap_format        [   2.84881] Fake format
d3d      D         d3d_disp.cpp:1202 real_choose_bitmap_format        [   2.84882] Fake format
d3d      D         d3d_disp.cpp:1202 real_choose_bitmap_format        [   2.84883] Fake format
d3d      D         d3d_disp.cpp:1202 real_choose_bitmap_format        [   2.84884] Fake format
d3d      D         d3d_disp.cpp:1202 real_choose_bitmap_format        [   2.84885] Fake format
d3d      D         d3d_disp.cpp:1210 real_choose_bitmap_format        [   2.84887] Alpha doesn't match
d3d      D         d3d_disp.cpp:1217 real_choose_bitmap_format        [   2.84888] Adapter format is 23
d3d      D         d3d_disp.cpp:1220 real_choose_bitmap_format        [   2.84889] Found a format
d3d      I         d3d_disp.cpp:2391 d3d_create_bitmap                [   2.84891] Chose bitmap format 9
dtor     D               dtor.c:196  _al_register_destructor          [   2.84905] added dtor for bitmap 000000000ae3e4a0, func 00007ffc75721bea
d3d      D         d3d_disp.cpp:1202 real_choose_bitmap_format        [   2.85497] Fake format
d3d      D         d3d_disp.cpp:1202 real_choose_bitmap_format        [   2.85501] Fake format
d3d      D         d3d_disp.cpp:1202 real_choose_bitmap_format        [   2.85502] Fake format
d3d      D         d3d_disp.cpp:1202 real_choose_bitmap_format        [   2.85503] Fake format
d3d      D         d3d_disp.cpp:1202 real_choose_bitmap_format        [   2.85505] Fake format
d3d      D         d3d_disp.cpp:1202 real_choose_bitmap_format        [   2.85506] Fake format
d3d      D         d3d_disp.cpp:1202 real_choose_bitmap_format        [   2.85507] Fake format
d3d      D         d3d_disp.cpp:1202 real_choose_bitmap_format        [   2.85508] Fake format
d3d      D         d3d_disp.cpp:1202 real_choose_bitmap_format        [   2.85510] Fake format
d3d      D         d3d_disp.cpp:1210 real_choose_bitmap_format        [   2.85511] Alpha doesn't match
d3d      D         d3d_disp.cpp:1217 real_choose_bitmap_format        [   2.85512] Adapter format is 23
d3d      D         d3d_disp.cpp:1220 real_choose_bitmap_format        [   2.85514] Found a format
d3d      I         d3d_disp.cpp:2391 d3d_create_bitmap                [   2.85515] Chose bitmap format 9
dtor     D               dtor.c:196  _al_register_destructor          [   2.85535] added dtor for bitmap 000000000ae3e650, func 00007ffc75721bea
d3d      D         d3d_disp.cpp:1202 real_choose_bitmap_format        [   2.86349] Fake format
d3d      D         d3d_disp.cpp:1202 real_choose_bitmap_format        [   2.86352] Fake format
d3d      D         d3d_disp.cpp:1202 real_choose_bitmap_format        [   2.86354] Fake format
d3d      D         d3d_disp.cpp:1202 real_choose_bitmap_format        [   2.86355] Fake format
d3d      D         d3d_disp.cpp:1202 real_choose_bitmap_format        [   2.86356] Fake format
d3d      D         d3d_disp.cpp:1202 real_choose_bitmap_format        [   2.86357] Fake format
d3d      D         d3d_disp.cpp:1202 real_choose_bitmap_format        [   2.86359] Fake format
d3d      D         d3d_disp.cpp:1202 real_choose_bitmap_format        [   2.86360] Fake format
d3d      D         d3d_disp.cpp:1202 real_choose_bitmap_format        [   2.86361] Fake format
d3d      D         d3d_disp.cpp:1210 real_choose_bitmap_format        [   2.86363] Alpha doesn't match
d3d      D         d3d_disp.cpp:1217 real_choose_bitmap_format        [   2.86364] Adapter format is 23
d3d      D         d3d_disp.cpp:1220 real_choose_bitmap_format        [   2.86366] Found a format
d3d      I         d3d_disp.cpp:2391 d3d_create_bitmap                [   2.86367] Chose bitmap format 9
dtor     D               dtor.c:196  _al_register_destructor          [   2.86397] added dtor for bitmap 000000000ae3e800, func 00007ffc75721bea
stdio    D         file_stdio.c:110  file_stdio_fopen                 [   2.86937] opening assets/sound/atk_sound.wav rb
wav      E                wav.c:121  wav_open                         [   2.86952] Bad RIFF type.
dtor     D               dtor.c:196  _al_register_destructor          [   2.86955] added dtor for sample 000000000275ef40, func 00007ffc75851a1d
dtor     D               dtor.c:196  _al_register_destructor          [   2.86961] added dtor for sample_instance 0000000002740d10, func 00007ffc7584929b
audio    D          kcm_mixer.c:121  _al_rechannel_matrix             [   2.86963] sample matrix:
audio    D          kcm_mixer.c:127  _al_rechannel_matrix             [   2.86964]  0.500000
audio    D          kcm_mixer.c:127  _al_rechannel_matrix             [   2.86966]  0.500000
stdio    D         file_stdio.c:110  file_stdio_fopen                 [   2.86967] opening assets/image/Obstacle.png rb
stdio    D         file_stdio.c:110  file_stdio_fopen                 [   2.86976] opening assets/image/Obstacle.png rb
d3d      D         d3d_disp.cpp:1202 real_choose_bitmap_format        [   2.86985] Fake format
d3d      D         d3d_disp.cpp:1202 real_choose_bitmap_format        [   2.86987] Fake format
d3d      D         d3d_disp.cpp:1202 real_choose_bitmap_format        [   2.86988] Fake format
d3d      D         d3d_disp.cpp:1202 real_choose_bitmap_format        [   2.86989] Fake format
d3d      D         d3d_disp.cpp:1202 real_choose_bitmap_format        [   2.86991] Fake format
d3d      D         d3d_disp.cpp:1202 real_choose_bitmap_format        [   2.86992] Fake format
d3d      D         d3d_disp.cpp:1202 real_choose_bitmap_format        [   2.86993] Fake format
d3d      D         d3d_disp.cpp:1202 real_choose_bitmap_format        [   2.86994] Fake format
d3d      D         d3d_disp.cpp:1202 real_choose_bitmap_format        [   2.86995] Fake format
d3d      D         d3d_disp.cpp:1210 real_choose_bitmap_format        [   2.86997] Alpha doesn't match
d3d      D         d3d_disp.cpp:1217 real_choose_bitmap_format        [   2.86998] Adapter format is 23
d3d      D         d3d_disp.cpp:1220 real_choose_bitmap_format        [   2.86999] Found a format
d3d      I         d3d_disp.cpp:2391 d3d_create_bitmap                [   2.87000] Chose bitmap format 9
dtor     D               dtor.c:196  _al_register_destructor          [   2.87011] added dtor for bitmap 0000000002764a70, func 00007ffc75721bea
d3d      D          d3d_bmp.cpp:539  _al_d3d_sync_bitmap              [   2.87178] _al_d3d_sync_bitmap (system) ref count == 1
d3d      D          d3d_bmp.cpp:545  _al_d3d_sync_bitmap              [   2.87182] _al_d3d_sync_bitmap (video) ref count == 1
d3d      D          d3d_bmp.cpp:539  _al_d3d_sync_bitmap              [   2.87701] _al_d3d_sync_bitmap (system) ref count == 1
d3d      D          d3d_bmp.cpp:545  _al_d3d_sync_bitmap              [   2.87707] _al_d3d_sync_bitmap (video) ref count == 1
d3d      D          d3d_bmp.cpp:539  _al_d3d_sync_bitmap              [   2.87798] _al_d3d_sync_bitmap (system) ref count == 1
d3d      D          d3d_bmp.cpp:545  _al_d3d_sync_bitmap              [   2.87803] _al_d3d_sync_bitmap (video) ref count == 1
d3d      D          d3d_bmp.cpp:539  _al_d3d_sync_bitmap              [   2.87890] _al_d3d_sync_bitmap (system) ref count == 1
d3d      D          d3d_bmp.cpp:545  _al_d3d_sync_bitmap              [   2.87894] _al_d3d_sync_bitmap (video) ref count == 1
d3d      D          d3d_bmp.cpp:539  _al_d3d_sync_bitmap              [   2.87971] _al_d3d_sync_bitmap (system) ref count == 1
d3d      D          d3d_bmp.cpp:545  _al_d3d_sync_bitmap              [   2.87974] _al_d3d_sync_bitmap (video) ref count == 1
d3d      D          d3d_bmp.cpp:539  _al_d3d_sync_bitmap              [   2.88042] _al_d3d_sync_bitmap (system) ref count == 1
d3d      D          d3d_bmp.cpp:545  _al_d3d_sync_bitmap              [   2.88046] _al_d3d_sync_bitmap (video) ref count == 1
d3d      D          d3d_bmp.cpp:539  _al_d3d_sync_bitmap              [   2.88115] _al_d3d_sync_bitmap (system) ref count == 1
d3d      D          d3d_bmp.cpp:545  _al_d3d_sync_bitmap              [   2.88118] _al_d3d_sync_bitmap (video) ref count == 1
d3d      D          d3d_bmp.cpp:539  _al_d3d_sync_bitmap              [   2.88188] _al_d3d_sync_bitmap (system) ref count == 1
d3d      D          d3d_bmp.cpp:545  _al_d3d_sync_bitmap              [   2.88192] _al_d3d_sync_bitmap (video) ref count == 1
d3d      D          d3d_bmp.cpp:539  _al_d3d_sync_bitmap              [   2.88259] _al_d3d_sync_bitmap (system) ref count == 1
d3d      D          d3d_bmp.cpp:545  _al_d3d_sync_bitmap              [   2.88262] _al_d3d_sync_bitmap (video) ref count == 1
d3d      D          d3d_bmp.cpp:539  _al_d3d_sync_bitmap              [   2.88340] _al_d3d_sync_bitmap (system) ref count == 1
d3d      D          d3d_bmp.cpp:545  _al_d3d_sync_bitmap              [   2.88343] _al_d3d_sync_bitmap (video) ref count == 1
d3d      D          d3d_bmp.cpp:539  _al_d3d_sync_bitmap              [   2.88420] _al_d3d_sync_bitmap (system) ref count == 1
d3d      D          d3d_bmp.cpp:545  _al_d3d_sync_bitmap              [   2.88424] _al_d3d_sync_bitmap (video) ref count == 1
d3d      D          d3d_bmp.cpp:539  _al_d3d_sync_bitmap              [   2.88507] _al_d3d_sync_bitmap (system) ref count == 1
d3d      D          d3d_bmp.cpp:545  _al_d3d_sync_bitmap              [   2.88510] _al_d3d_sync_bitmap (video) ref count == 1
d3d      D          d3d_bmp.cpp:539  _al_d3d_sync_bitmap              [   2.88590] _al_d3d_sync_bitmap (system) ref count == 1
d3d      D          d3d_bmp.cpp:545  _al_d3d_sync_bitmap              [   2.88595] _al_d3d_sync_bitmap (video) ref count == 1
dtor     D               dtor.c:227  _al_unregister_destructor        [  23.11908] removed dtor for queue 0000000002732bc0
d3d      I         d3d_disp.cpp:915  d3d_destroy_display              [  23.11938] destroying display 00000000010fb4f0 (current 0000000000000000)
bitmap   D        bitmap_type.c:308  _al_convert_to_memory_bitmap     [  23.12813] converting display bitmap 0000000002764a70 to memory bitmap
dtor     D               dtor.c:196  _al_register_destructor          [  23.12842] added dtor for bitmap 0000000002731ed0, func 00007ffc75721bea
d3d      D          d3d_bmp.cpp:539  _al_d3d_sync_bitmap              [  23.12858] _al_d3d_sync_bitmap (system) ref count == 1
d3d      D          d3d_bmp.cpp:545  _al_d3d_sync_bitmap              [  23.12870] _al_d3d_sync_bitmap (video) ref count == 1
dtor     D               dtor.c:227  _al_unregister_destructor        [  23.12991] removed dtor for bitmap 0000000002731ed0
bitmap   D        bitmap_type.c:308  _al_convert_to_memory_bitmap     [  23.13021] converting display bitmap 000000000ae3e800 to memory bitmap
dtor     D               dtor.c:196  _al_register_destructor          [  23.13041] added dtor for bitmap 0000000002731ed0, func 00007ffc75721bea
d3d      D          d3d_bmp.cpp:539  _al_d3d_sync_bitmap              [  23.13055] _al_d3d_sync_bitmap (system) ref count == 1
d3d      D          d3d_bmp.cpp:545  _al_d3d_sync_bitmap              [  23.13067] _al_d3d_sync_bitmap (video) ref count == 1
dtor     D               dtor.c:227  _al_unregister_destructor        [  23.13214] removed dtor for bitmap 0000000002731ed0
bitmap   D        bitmap_type.c:308  _al_convert_to_memory_bitmap     [  23.13253] converting display bitmap 000000000ae3e650 to memory bitmap
dtor     D               dtor.c:196  _al_register_destructor          [  23.13268] added dtor for bitmap 0000000002731ed0, func 00007ffc75721bea
d3d      D          d3d_bmp.cpp:539  _al_d3d_sync_bitmap              [  23.13283] _al_d3d_sync_bitmap (system) ref count == 1
d3d      D          d3d_bmp.cpp:545  _al_d3d_sync_bitmap              [  23.13291] _al_d3d_sync_bitmap (video) ref count == 1
dtor     D               dtor.c:227  _al_unregister_destructor        [  23.13412] removed dtor for bitmap 0000000002731ed0
bitmap   D        bitmap_type.c:308  _al_convert_to_memory_bitmap     [  23.13444] converting display bitmap 000000000ae3e4a0 to memory bitmap
dtor     D               dtor.c:196  _al_register_destructor          [  23.13457] added dtor for bitmap 0000000002731ed0, func 00007ffc75721bea
d3d      D          d3d_bmp.cpp:539  _al_d3d_sync_bitmap              [  23.13468] _al_d3d_sync_bitmap (system) ref count == 1
d3d      D          d3d_bmp.cpp:545  _al_d3d_sync_bitmap              [  23.13475] _al_d3d_sync_bitmap (video) ref count == 1
dtor     D               dtor.c:227  _al_unregister_destructor        [  23.13596] removed dtor for bitmap 0000000002731ed0
bitmap   D        bitmap_type.c:308  _al_convert_to_memory_bitmap     [  23.13638] converting display bitmap 0000000002761240 to memory bitmap
dtor     D               dtor.c:196  _al_register_destructor          [  23.13650] added dtor for bitmap 0000000002731ed0, func 00007ffc75721bea
d3d      D          d3d_bmp.cpp:539  _al_d3d_sync_bitmap              [  23.13659] _al_d3d_sync_bitmap (system) ref count == 1
d3d      D          d3d_bmp.cpp:545  _al_d3d_sync_bitmap              [  23.13666] _al_d3d_sync_bitmap (video) ref count == 1
dtor     D               dtor.c:227  _al_unregister_destructor        [  23.13777] removed dtor for bitmap 0000000002731ed0
bitmap   D        bitmap_type.c:308  _al_convert_to_memory_bitmap     [  23.13805] converting display bitmap 0000000002760d40 to memory bitmap
dtor     D               dtor.c:196  _al_register_destructor          [  23.13816] added dtor for bitmap 0000000002731ed0, func 00007ffc75721bea
d3d      D          d3d_bmp.cpp:539  _al_d3d_sync_bitmap              [  23.13825] _al_d3d_sync_bitmap (system) ref count == 1
d3d      D          d3d_bmp.cpp:545  _al_d3d_sync_bitmap              [  23.13832] _al_d3d_sync_bitmap (video) ref count == 1
dtor     D               dtor.c:227  _al_unregister_destructor        [  23.13942] removed dtor for bitmap 0000000002731ed0
bitmap   D        bitmap_type.c:308  _al_convert_to_memory_bitmap     [  23.13969] converting display bitmap 000000000ae04840 to memory bitmap
dtor     D               dtor.c:196  _al_register_destructor          [  23.13980] added dtor for bitmap 0000000002731ed0, func 00007ffc75721bea
d3d      D          d3d_bmp.cpp:539  _al_d3d_sync_bitmap              [  23.13989] _al_d3d_sync_bitmap (system) ref count == 1
d3d      D          d3d_bmp.cpp:545  _al_d3d_sync_bitmap              [  23.14009] _al_d3d_sync_bitmap (video) ref count == 1
dtor     D               dtor.c:227  _al_unregister_destructor        [  23.14122] removed dtor for bitmap 0000000002731ed0
bitmap   D        bitmap_type.c:308  _al_convert_to_memory_bitmap     [  23.14147] converting display bitmap 000000000280ed30 to memory bitmap
dtor     D               dtor.c:196  _al_register_destructor          [  23.14162] added dtor for bitmap 0000000002731ed0, func 00007ffc75721bea
d3d      D          d3d_bmp.cpp:539  _al_d3d_sync_bitmap              [  23.14174] _al_d3d_sync_bitmap (system) ref count == 1
d3d      D          d3d_bmp.cpp:545  _al_d3d_sync_bitmap              [  23.14181] _al_d3d_sync_bitmap (video) ref count == 1
dtor     D               dtor.c:227  _al_unregister_destructor        [  23.14289] removed dtor for bitmap 0000000002731ed0
bitmap   D        bitmap_type.c:308  _al_convert_to_memory_bitmap     [  23.14331] converting display bitmap 0000000002760b90 to memory bitmap
dtor     D               dtor.c:196  _al_register_destructor          [  23.14342] added dtor for bitmap 0000000002731ed0, func 00007ffc75721bea
d3d      D          d3d_bmp.cpp:539  _al_d3d_sync_bitmap              [  23.14353] _al_d3d_sync_bitmap (system) ref count == 1
d3d      D          d3d_bmp.cpp:545  _al_d3d_sync_bitmap              [  23.14360] _al_d3d_sync_bitmap (video) ref count == 1
dtor     D               dtor.c:227  _al_unregister_destructor        [  23.14468] removed dtor for bitmap 0000000002731ed0
bitmap   D        bitmap_type.c:308  _al_convert_to_memory_bitmap     [  23.14493] converting display bitmap 00000000027f4d30 to memory bitmap
dtor     D               dtor.c:196  _al_register_destructor          [  23.14503] added dtor for bitmap 0000000002731ed0, func 00007ffc75721bea
d3d      D          d3d_bmp.cpp:539  _al_d3d_sync_bitmap              [  23.14512] _al_d3d_sync_bitmap (system) ref count == 1
d3d      D          d3d_bmp.cpp:545  _al_d3d_sync_bitmap              [  23.14519] _al_d3d_sync_bitmap (video) ref count == 1
dtor     D               dtor.c:227  _al_unregister_destructor        [  23.14620] removed dtor for bitmap 0000000002731ed0
bitmap   D        bitmap_type.c:308  _al_convert_to_memory_bitmap     [  23.14648] converting display bitmap 000000000275bea0 to memory bitmap
dtor     D               dtor.c:196  _al_register_destructor          [  23.14662] added dtor for bitmap 0000000002731ed0, func 00007ffc75721bea
d3d      D          d3d_bmp.cpp:539  _al_d3d_sync_bitmap              [  23.14674] _al_d3d_sync_bitmap (system) ref count == 1
d3d      D          d3d_bmp.cpp:545  _al_d3d_sync_bitmap              [  23.14682] _al_d3d_sync_bitmap (video) ref count == 1
dtor     D               dtor.c:227  _al_unregister_destructor        [  23.14793] removed dtor for bitmap 0000000002731ed0
bitmap   D        bitmap_type.c:308  _al_convert_to_memory_bitmap     [  23.14850] converting display bitmap 000000000275f220 to memory bitmap
dtor     D               dtor.c:196  _al_register_destructor          [  23.14863] added dtor for bitmap 0000000002731ed0, func 00007ffc75721bea
d3d      D          d3d_bmp.cpp:539  _al_d3d_sync_bitmap              [  23.14873] _al_d3d_sync_bitmap (system) ref count == 1
d3d      D          d3d_bmp.cpp:545  _al_d3d_sync_bitmap              [  23.14880] _al_d3d_sync_bitmap (video) ref count == 1
dtor     D               dtor.c:227  _al_unregister_destructor        [  23.14994] removed dtor for bitmap 0000000002731ed0
bitmap   D        bitmap_type.c:308  _al_convert_to_memory_bitmap     [  23.15018] converting display bitmap 00000000027f4890 to memory bitmap
dtor     D               dtor.c:196  _al_register_destructor          [  23.15034] added dtor for bitmap 0000000002731ed0, func 00007ffc75721bea
d3d      D          d3d_bmp.cpp:539  _al_d3d_sync_bitmap              [  23.15044] _al_d3d_sync_bitmap (system) ref count == 1
d3d      D          d3d_bmp.cpp:545  _al_d3d_sync_bitmap              [  23.15051] _al_d3d_sync_bitmap (video) ref count == 1
dtor     D               dtor.c:227  _al_unregister_destructor        [  23.15699] removed dtor for bitmap 0000000002731ed0
bitmap   D        bitmap_type.c:308  _al_convert_to_memory_bitmap     [  23.15863] converting display bitmap 0000000002765750 to memory bitmap
dtor     D               dtor.c:196  _al_register_destructor          [  23.15888] added dtor for bitmap 0000000002731ed0, func 00007ffc75721bea
d3d      D          d3d_bmp.cpp:539  _al_d3d_sync_bitmap              [  23.15907] _al_d3d_sync_bitmap (system) ref count == 1
d3d      D          d3d_bmp.cpp:545  _al_d3d_sync_bitmap              [  23.15917] _al_d3d_sync_bitmap (video) ref count == 1
dtor     D               dtor.c:227  _al_unregister_destructor        [  23.16190] removed dtor for bitmap 0000000002731ed0
d3d      D         d3d_disp.cpp:899  d3d_destroy_display_internals    [  23.16238] waiting for display 00000000010fb4f0's thread to end
d3d      W         d3d_disp.cpp:608  d3d_destroy_device               [  23.23180] d3d_destroy_device: ref count not 0
d3d      W         d3d_disp.cpp:608  d3d_destroy_device               [  23.23203] d3d_destroy_device: ref count not 0
d3d      I         d3d_disp.cpp:1562 d3d_display_thread_proc          [  23.26708] d3d display thread exits
dtor     D               dtor.c:227  _al_unregister_destructor        [  23.26766] removed dtor for bitmap 00000000027f4890
dtor     D               dtor.c:227  _al_unregister_destructor        [  23.26872] removed dtor for sample_instance 0000000002740d10
dtor     D               dtor.c:227  _al_unregister_destructor        [  23.26913] removed dtor for bitmap 000000000275f220
dtor     D               dtor.c:227  _al_unregister_destructor        [  23.26990] removed dtor for bitmap 000000000275bea0
dtor     D               dtor.c:227  _al_unregister_destructor        [  23.27018] removed dtor for bitmap 00000000027f4d30
dtor     D               dtor.c:227  _al_unregister_destructor        [  23.27124] removed dtor for bitmap 0000000002760b90
dtor     D               dtor.c:227  _al_unregister_destructor        [  23.27164] removed dtor for bitmap 000000000280ed30
dtor     D               dtor.c:227  _al_unregister_destructor        [  23.27188] removed dtor for bitmap 000000000ae04840
dtor     D               dtor.c:227  _al_unregister_destructor        [  23.27214] removed dtor for bitmap 0000000002760d40
dtor     D               dtor.c:227  _al_unregister_destructor        [  23.27240] removed dtor for bitmap 0000000002761240
dtor     D               dtor.c:227  _al_unregister_destructor        [  23.27276] removed dtor for bitmap 000000000ae3e4a0
dtor     D               dtor.c:227  _al_unregister_destructor        [  23.27300] removed dtor for bitmap 000000000ae3e650
dtor     D               dtor.c:227  _al_unregister_destructor        [  23.27325] removed dtor for bitmap 000000000ae3e800
dtor     D               dtor.c:227  _al_unregister_destructor        [  23.27357] removed dtor for bitmap 0000000002764a70
dtor     D               dtor.c:116  _al_run_destructors              [  23.27376] calling dtor for bitmap 0000000002765750, func 00007ffc75721bea
dtor     D               dtor.c:227  _al_unregister_destructor        [  23.27392] removed dtor for bitmap 0000000002765750
dtor     D               dtor.c:116  _al_run_destructors              [  23.27488] calling dtor for timer 0000000002732c90, func 00007ffc7575fb3b
dtor     D               dtor.c:227  _al_unregister_destructor        [  23.27511] removed dtor for timer 0000000002732c90
dtor     D               dtor.c:227  _al_unregister_destructor        [  23.27525] removed dtor for sample_instance 0000000002732980
dtor     D               dtor.c:227  _al_unregister_destructor        [  23.27536] removed dtor for sample_instance 0000000002732aa0
dtor     D               dtor.c:227  _al_unregister_destructor        [  23.27583] removed dtor for sample_instance 0000000002732eb0
dtor     D               dtor.c:227  _al_unregister_destructor        [  23.27601] removed dtor for sample_instance 0000000002732690
dtor     D               dtor.c:227  _al_unregister_destructor        [  23.27625] removed dtor for sample_instance 0000000002732840
dtor     D               dtor.c:227  _al_unregister_destructor        [  23.27638] removed dtor for sample_instance 0000000002732fd0
dtor     D               dtor.c:227  _al_unregister_destructor        [  23.27651] removed dtor for sample_instance 00000000027330f0
dtor     D               dtor.c:227  _al_unregister_destructor        [  23.27663] removed dtor for sample_instance 0000000002733210
dtor     D               dtor.c:227  _al_unregister_destructor        [  23.27675] removed dtor for sample_instance 000000000273fd00
dtor     D               dtor.c:227  _al_unregister_destructor        [  23.27686] removed dtor for sample_instance 000000000273fe20
dtor     D               dtor.c:227  _al_unregister_destructor        [  23.27696] removed dtor for sample_instance 000000000273ff40
dtor     D               dtor.c:227  _al_unregister_destructor        [  23.27706] removed dtor for sample_instance 0000000002740060
dtor     D               dtor.c:227  _al_unregister_destructor        [  23.27718] removed dtor for sample_instance 00000000027401d0
dtor     D               dtor.c:227  _al_unregister_destructor        [  23.27731] removed dtor for sample_instance 0000000002740e30
dtor     D               dtor.c:227  _al_unregister_destructor        [  23.27742] removed dtor for sample_instance 0000000002740bf0
dtor     D               dtor.c:227  _al_unregister_destructor        [  23.27767] removed dtor for sample_instance 0000000002740770
dtor     D               dtor.c:227  _al_unregister_destructor        [  23.27783] removed dtor for sample_instance 00000000027402f0
dtor     D               dtor.c:227  _al_unregister_destructor        [  23.27795] removed dtor for sample_instance 0000000002740890
dtor     D               dtor.c:227  _al_unregister_destructor        [  23.27807] removed dtor for sample_instance 0000000002740ad0
dtor     D               dtor.c:227  _al_unregister_destructor        [  23.27823] removed dtor for sample_instance 0000000002740410
dtor     D               dtor.c:227  _al_unregister_destructor        [  23.27835] removed dtor for mixer 0000000002732450
audio-dsound D           dsound.cpp:528  _dsound_stop_voice               [  23.27846] Stopping voice
audio-dsound D           dsound.cpp:545  _dsound_stop_voice               [  23.27857] Joining thread
audio-dsound D           dsound.cpp:551  _dsound_stop_voice               [  23.27970] Joined thread
audio-dsound D           dsound.cpp:553  _dsound_stop_voice               [  23.27986] Destroying thread
audio-dsound D           dsound.cpp:555  _dsound_stop_voice               [  23.28018] Thread destroyed
audio-dsound D           dsound.cpp:562  _dsound_stop_voice               [  23.28030] Releasing buffer
audio-dsound I           dsound.cpp:566  _dsound_stop_voice               [  23.28053] Voice stopped
dtor     D               dtor.c:227  _al_unregister_destructor        [  23.28080] removed dtor for voice 0000000002733520
audio-dsound D           dsound.cpp:380  _dsound_deallocate_voice         [  23.28096] Deallocating voice
audio-dsound D           dsound.cpp:385  _dsound_deallocate_voice         [  23.28107] Deallocated voice
dtor     D               dtor.c:116  _al_run_destructors              [  23.28119] calling dtor for sample 000000000275ef40, func 00007ffc75851a1d
dtor     D               dtor.c:227  _al_unregister_destructor        [  23.28131] removed dtor for sample 000000000275ef40
audio-dsound D           dsound.cpp:296  _dsound_close                    [  23.28154] Releasing device
audio-dsound D           dsound.cpp:298  _dsound_close                    [  23.56403] Released device
audio-dsound I           dsound.cpp:299  _dsound_close                    [  23.56426] DirectSound closed
